
▶️  Starting brute-force_5w_4t_run1

🔹 Query: "love and friendship"  (10 reqs)

▶️  Starting brute-force_5w_4t_run1

🔹 Query: "love and friendship"  (10 reqs)
[love and friendship] 
[love and friendship] Summary:
[love and friendship]   Total:	126.5722 secs
[love and friendship]   Slowest:	12.7134 secs
[love and friendship]   Fastest:	12.5746 secs
[love and friendship]   Average:	12.6572 secs
[love and friendship]   Requests/sec:	0.0790
[love and friendship]   
[love and friendship]   Total data:	270 bytes
[love and friendship]   Size/request:	27 bytes
[love and friendship] 
[love and friendship] Response time histogram:
[love and friendship]   12.575 [1]	|■■■■■■■■■■■■■■■■■■■■
[love and friendship]   12.588 [0]	|
[love and friendship]   12.602 [1]	|■■■■■■■■■■■■■■■■■■■■
[love and friendship]   12.616 [0]	|
[love and friendship]   12.630 [0]	|
[love and friendship]   12.644 [1]	|■■■■■■■■■■■■■■■■■■■■
[love and friendship]   12.658 [2]	|■■■■■■■■■■■■■■■■■■■■■■■■■■■■■■■■■■■■■■■■
[love and friendship]   12.672 [1]	|■■■■■■■■■■■■■■■■■■■■
[love and friendship]   12.686 [1]	|■■■■■■■■■■■■■■■■■■■■
[love and friendship]   12.700 [2]	|■■■■■■■■■■■■■■■■■■■■■■■■■■■■■■■■■■■■■■■■
[love and friendship]   12.713 [1]	|■■■■■■■■■■■■■■■■■■■■
[love and friendship] 
[love and friendship] 
[love and friendship] Latency distribution:
[love and friendship]   10% in 12.6012 secs
[love and friendship]   25% in 12.6458 secs
[love and friendship]   50% in 12.6706 secs
[love and friendship]   75% in 12.6938 secs
[love and friendship]   90% in 12.7134 secs
[love and friendship]   0% in 0.0000 secs
[love and friendship]   0% in 0.0000 secs
[love and friendship] 
[love and friendship] Details (average, fastest, slowest):
[love and friendship]   DNS+dialup:	0.0010 secs, 12.5746 secs, 12.7134 secs
[love and friendship]   DNS-lookup:	0.0007 secs, 0.0006 secs, 0.0011 secs
[love and friendship]   req write:	0.0001 secs, 0.0000 secs, 0.0001 secs
[love and friendship]   resp wait:	12.6559 secs, 12.5733 secs, 12.7113 secs
[love and friendship]   resp read:	0.0002 secs, 0.0001 secs, 0.0003 secs
[love and friendship] 
[love and friendship] Status code distribution:
[love and friendship]   [200]	10 responses
[love and friendship] 
[love and friendship] 
[love and friendship] 

🔹 Query: "to be or not to be"  (10 reqs)
